$ADVER,3080,2.4P
$GPRMC,134730.361,A,5540.3220,N,01231.2858,E,1.06,86.57,041112,,,A*55
$GPGGA,134731.361,5540.3252,N,01231.2946,E,1,10,0.8,36.1,M,41.5,M,,0000*6C
$GPGSA,A,3,03,22,06,19,11,14,32,01,28,18,,,1.8,0.8,1.6*3F
$GPRMC,134731.361,A,5540.3252,N,01231.2946,E,1.42,93.80,041112,,,A*51
$GPVTG,93.80,T,,M,1.42,N,2.6,K,A*3C
$GPGGA,134732.000,5540.3244,N,01231.2941,E,1,10,0.8,31.7,M,41.5,M,,0000*6A
$GPGSA,A,3,03,22,06,19,11,14,32,01,28,18,,,1.8,0.8,1.6*3F
$GPGSV,3,1,11,19,65,185,25,11,54,274,22,22,51,072,28,01,37,274,18*7D
$GPGSV,3,2,11,03,35,170,25,14,33,110,26,32,26,212,20,06,24,158,22*77
$GPGSV,3,3,11,28,22,320,19,18,15,055,19,09,07,033,*41
$GPRMC,134732.000,A,5540.3244,N,01231.2941,E,1.75,90.16,041112,,,A*5E
$GPVTG,90.16,T,,M,1.75,N,3.2,K,A*31
$GPGGA,134733.000,5540.3231,N,01231.2938,E,1,10,0.8,24.9,M,41.5,M,,0000*6D
$GPGSA,A,3,03,22,06,19,11,14,32,01,28,18,,,1.8,0.8,1.6*3F
$GPRMC,134733.000,A,5540.3231,N,01231.2938,E,1.83,113.00,041112,,,A*67
$GPVTG,113.00,T,,M,1.83,N,3.4,K,A*03
$GPGGA,134734.000,5540.3233,N,01231.2941,E,1,10,0.8,23.7,M,41.5,M,,0000*6F
$GPGSA,A,3,03,22,06,19,11,14,32,01,28,18,,,1.8,0.8,1.6*3F
$GPRMC,134734.000,A,5540.3233,N,01231.2941,E,1.23,107.22,041112,,,A*63
$GPVTG,107.22,T,,M,1.23,N,2.3,K,A*0A
$GPGGA,134735.000,5540.3232,N,01231.2946,E,1,10,0.8,23.6,M,41.5,M,,0000*69
$GPGSA,A,3,03,22,06,19,11,14,32,01,28,18,,,1.8,0.8,1.6*3F
$GPRMC,134735.000,A,5540.3232,N,01231.2946,E,1.97,88.98,041112,,,A*5C
$GPVTG,88.98,T,,M,1.97,N,3.6,K,A*36
$GPGGA,134736.000,5540.3238,N,01231.2961,E,1,09,1.0,23.7,M,41.5,M,,0000*65
$GPGSA,A,3,03,22,06,19,11,14,32,01,28,,,,2.1,1.0,1.9*3A
$GPRMC,134736.000,A,5540.3238,N,01231.2961,E,2.44,84.72,041112,,,A*55
                                                                                                                              
                                                                                                                              
                                                                         